<?xml version="1.0" encoding="UTF-8"?>
<testng-results skipped="0" failed="0" total="1" passed="1">
  <reporter-output>
  </reporter-output>
  <suite name="Default suite" duration-ms="22048" started-at="2011-05-27T13:48:50Z" finished-at="2011-05-27T13:49:12Z">
    <groups>
    </groups>
    <test name="Default test" duration-ms="22048" started-at="2011-05-27T13:48:50Z" finished-at="2011-05-27T13:49:12Z">
      <class name="org.sonatype.nexus.security.ldap.realms.testharness.nexus3244.Nexus3244ClearConfigWhenChangeIT">
        <test-method status="PASS" signature="staticOncePerClassSetUp()" name="staticOncePerClassSetUp" is-config="true" duration-ms="11" started-at="2011-05-27T13:48:50Z" finished-at="2011-05-27T13:48:50Z">
        </test-method>
        <test-method status="PASS" signature="setSecureTest()" name="setSecureTest" is-config="true" duration-ms="1" started-at="2011-05-27T13:48:50Z" finished-at="2011-05-27T13:48:50Z">
        </test-method>
        <test-method status="PASS" signature="init()" name="init" is-config="true" duration-ms="545" started-at="2011-05-27T13:48:50Z" finished-at="2011-05-27T13:48:51Z">
        </test-method>
        <test-method status="PASS" signature="oncePerClassSetUp()" name="oncePerClassSetUp" is-config="true" duration-ms="18139" started-at="2011-05-27T13:48:51Z" finished-at="2011-05-27T13:49:09Z">
        </test-method>
        <test-method status="PASS" signature="testConfigIsUpdatedWhenChanged()" name="testConfigIsUpdatedWhenChanged" duration-ms="1119" started-at="2011-05-27T13:49:09Z" finished-at="2011-05-27T13:49:10Z">
        </test-method>
        <test-method status="PASS" signature="beforeLdapTests()" name="beforeLdapTests" is-config="true" duration-ms="0" started-at="2011-05-27T13:49:09Z" finished-at="2011-05-27T13:49:09Z">
        </test-method>
        <test-method status="PASS" signature="afterLdapTests()" name="afterLdapTests" is-config="true" duration-ms="144" started-at="2011-05-27T13:49:10Z" finished-at="2011-05-27T13:49:10Z">
        </test-method>
        <test-method status="PASS" signature="afterTest()" name="afterTest" is-config="true" duration-ms="0" started-at="2011-05-27T13:49:10Z" finished-at="2011-05-27T13:49:10Z">
        </test-method>
        <test-method status="PASS" signature="oncePerClassTearDown()" name="oncePerClassTearDown" is-config="true" duration-ms="2072" started-at="2011-05-27T13:49:10Z" finished-at="2011-05-27T13:49:12Z">
        </test-method>
      </class>
    </test>
  </suite>
</testng-results>
